<?xml version="1.0" encoding="UTF-8"?>
<!-- Generated by org.testng.reporters.JUnitReportReporter -->
<testsuite hostname="Patel-Family" failures="0" tests="3" name="com.fb.qa.testcases.LoginPageTest" time="6.726" errors="0" timestamp="19 Jul 2024 14:29:20 GMT">
  <testcase classname="com.fb.qa.testcases.LoginPageTest" name="loginpagetitletest" time="2.337"/>
  <testcase classname="com.fb.qa.testcases.LoginPageTest" name="fblogotest" time="1.976"/>
  <testcase classname="com.fb.qa.testcases.LoginPageTest" name="logintest" time="2.413"/>
</testsuite> <!-- com.fb.qa.testcases.LoginPageTest -->
